<?xml version="1.0" encoding="UTF-8"?>
<testsuite xmlns:xsi="http://www.w3.org/2001/XMLSchema-instance" xsi:noNamespaceSchemaLocation="https://maven.apache.org/surefire/maven-surefire-plugin/xsd/surefire-test-report.xsd" name="com.demo.controller.RabbitMQControllerTest" time="1.033" tests="3" errors="0" skipped="0" failures="0">
  <properties>
    <property name="sun.desktop" value="windows"/>
    <property name="awt.toolkit" value="sun.awt.windows.WToolkit"/>
    <property name="file.encoding.pkg" value="sun.io"/>
    <property name="java.specification.version" value="1.8"/>
    <property name="sun.cpu.isalist" value="amd64"/>
    <property name="sun.jnu.encoding" value="Cp1252"/>
    <property name="java.class.path" value="F:\workspace_main\rabbitmq-spring-boot-demo\target\test-classes;F:\workspace_main\rabbitmq-spring-boot-demo\target\classes;F:\apache_maven_repository\.m2\org\springframework\boot\spring-boot-starter-web\2.1.6.RELEASE\spring-boot-starter-web-2.1.6.RELEASE.jar;F:\apache_maven_repository\.m2\org\springframework\boot\spring-boot-starter\2.1.6.RELEASE\spring-boot-starter-2.1.6.RELEASE.jar;F:\apache_maven_repository\.m2\org\springframework\boot\spring-boot\2.1.6.RELEASE\spring-boot-2.1.6.RELEASE.jar;F:\apache_maven_repository\.m2\org\springframework\boot\spring-boot-autoconfigure\2.1.6.RELEASE\spring-boot-autoconfigure-2.1.6.RELEASE.jar;F:\apache_maven_repository\.m2\org\springframework\boot\spring-boot-starter-logging\2.1.6.RELEASE\spring-boot-starter-logging-2.1.6.RELEASE.jar;F:\apache_maven_repository\.m2\ch\qos\logback\logback-classic\1.2.3\logback-classic-1.2.3.jar;F:\apache_maven_repository\.m2\ch\qos\logback\logback-core\1.2.3\logback-core-1.2.3.jar;F:\apache_maven_repository\.m2\org\apache\logging\log4j\log4j-to-slf4j\2.11.2\log4j-to-slf4j-2.11.2.jar;F:\apache_maven_repository\.m2\org\apache\logging\log4j\log4j-api\2.11.2\log4j-api-2.11.2.jar;F:\apache_maven_repository\.m2\org\slf4j\jul-to-slf4j\1.7.26\jul-to-slf4j-1.7.26.jar;F:\apache_maven_repository\.m2\javax\annotation\javax.annotation-api\1.3.2\javax.annotation-api-1.3.2.jar;F:\apache_maven_repository\.m2\org\yaml\snakeyaml\1.23\snakeyaml-1.23.jar;F:\apache_maven_repository\.m2\org\springframework\boot\spring-boot-starter-json\2.1.6.RELEASE\spring-boot-starter-json-2.1.6.RELEASE.jar;F:\apache_maven_repository\.m2\com\fasterxml\jackson\core\jackson-databind\2.9.9\jackson-databind-2.9.9.jar;F:\apache_maven_repository\.m2\com\fasterxml\jackson\core\jackson-annotations\2.9.0\jackson-annotations-2.9.0.jar;F:\apache_maven_repository\.m2\com\fasterxml\jackson\core\jackson-core\2.9.9\jackson-core-2.9.9.jar;F:\apache_maven_repository\.m2\com\fasterxml\jackson\datatype\jackson-datatype-jdk8\2.9.9\jackson-datatype-jdk8-2.9.9.jar;F:\apache_maven_repository\.m2\com\fasterxml\jackson\datatype\jackson-datatype-jsr310\2.9.9\jackson-datatype-jsr310-2.9.9.jar;F:\apache_maven_repository\.m2\com\fasterxml\jackson\module\jackson-module-parameter-names\2.9.9\jackson-module-parameter-names-2.9.9.jar;F:\apache_maven_repository\.m2\org\springframework\boot\spring-boot-starter-tomcat\2.1.6.RELEASE\spring-boot-starter-tomcat-2.1.6.RELEASE.jar;F:\apache_maven_repository\.m2\org\apache\tomcat\embed\tomcat-embed-core\9.0.21\tomcat-embed-core-9.0.21.jar;F:\apache_maven_repository\.m2\org\apache\tomcat\embed\tomcat-embed-el\9.0.21\tomcat-embed-el-9.0.21.jar;F:\apache_maven_repository\.m2\org\apache\tomcat\embed\tomcat-embed-websocket\9.0.21\tomcat-embed-websocket-9.0.21.jar;F:\apache_maven_repository\.m2\org\hibernate\validator\hibernate-validator\6.0.17.Final\hibernate-validator-6.0.17.Final.jar;F:\apache_maven_repository\.m2\javax\validation\validation-api\2.0.1.Final\validation-api-2.0.1.Final.jar;F:\apache_maven_repository\.m2\org\jboss\logging\jboss-logging\3.3.2.Final\jboss-logging-3.3.2.Final.jar;F:\apache_maven_repository\.m2\com\fasterxml\classmate\1.4.0\classmate-1.4.0.jar;F:\apache_maven_repository\.m2\org\springframework\spring-web\5.1.8.RELEASE\spring-web-5.1.8.RELEASE.jar;F:\apache_maven_repository\.m2\org\springframework\spring-beans\5.1.8.RELEASE\spring-beans-5.1.8.RELEASE.jar;F:\apache_maven_repository\.m2\org\springframework\spring-webmvc\5.1.8.RELEASE\spring-webmvc-5.1.8.RELEASE.jar;F:\apache_maven_repository\.m2\org\springframework\spring-aop\5.1.8.RELEASE\spring-aop-5.1.8.RELEASE.jar;F:\apache_maven_repository\.m2\org\springframework\spring-context\5.1.8.RELEASE\spring-context-5.1.8.RELEASE.jar;F:\apache_maven_repository\.m2\org\springframework\spring-expression\5.1.8.RELEASE\spring-expression-5.1.8.RELEASE.jar;F:\apache_maven_repository\.m2\com\rabbitmq\amqp-client\5.6.0\amqp-client-5.6.0.jar;F:\apache_maven_repository\.m2\org\slf4j\slf4j-api\1.7.26\slf4j-api-1.7.26.jar;F:\apache_maven_repository\.m2\org\springframework\boot\spring-boot-starter-test\2.1.6.RELEASE\spring-boot-starter-test-2.1.6.RELEASE.jar;F:\apache_maven_repository\.m2\org\springframework\boot\spring-boot-test\2.1.6.RELEASE\spring-boot-test-2.1.6.RELEASE.jar;F:\apache_maven_repository\.m2\org\springframework\boot\spring-boot-test-autoconfigure\2.1.6.RELEASE\spring-boot-test-autoconfigure-2.1.6.RELEASE.jar;F:\apache_maven_repository\.m2\com\jayway\jsonpath\json-path\2.4.0\json-path-2.4.0.jar;F:\apache_maven_repository\.m2\net\minidev\json-smart\2.3\json-smart-2.3.jar;F:\apache_maven_repository\.m2\net\minidev\accessors-smart\1.2\accessors-smart-1.2.jar;F:\apache_maven_repository\.m2\org\ow2\asm\asm\5.0.4\asm-5.0.4.jar;F:\apache_maven_repository\.m2\junit\junit\4.12\junit-4.12.jar;F:\apache_maven_repository\.m2\org\assertj\assertj-core\3.11.1\assertj-core-3.11.1.jar;F:\apache_maven_repository\.m2\org\mockito\mockito-core\2.23.4\mockito-core-2.23.4.jar;F:\apache_maven_repository\.m2\net\bytebuddy\byte-buddy\1.9.13\byte-buddy-1.9.13.jar;F:\apache_maven_repository\.m2\net\bytebuddy\byte-buddy-agent\1.9.13\byte-buddy-agent-1.9.13.jar;F:\apache_maven_repository\.m2\org\objenesis\objenesis\2.6\objenesis-2.6.jar;F:\apache_maven_repository\.m2\org\hamcrest\hamcrest-core\1.3\hamcrest-core-1.3.jar;F:\apache_maven_repository\.m2\org\hamcrest\hamcrest-library\1.3\hamcrest-library-1.3.jar;F:\apache_maven_repository\.m2\org\skyscreamer\jsonassert\1.5.0\jsonassert-1.5.0.jar;F:\apache_maven_repository\.m2\com\vaadin\external\google\android-json\0.0.20131108.vaadin1\android-json-0.0.20131108.vaadin1.jar;F:\apache_maven_repository\.m2\org\springframework\spring-core\5.1.8.RELEASE\spring-core-5.1.8.RELEASE.jar;F:\apache_maven_repository\.m2\org\springframework\spring-jcl\5.1.8.RELEASE\spring-jcl-5.1.8.RELEASE.jar;F:\apache_maven_repository\.m2\org\springframework\spring-test\5.1.8.RELEASE\spring-test-5.1.8.RELEASE.jar;F:\apache_maven_repository\.m2\org\xmlunit\xmlunit-core\2.6.2\xmlunit-core-2.6.2.jar;F:\apache_maven_repository\.m2\com\github\fridujo\rabbitmq-mock\1.0.10\rabbitmq-mock-1.0.10.jar;"/>
    <property name="java.vm.vendor" value="Oracle Corporation"/>
    <property name="sun.arch.data.model" value="64"/>
    <property name="user.variant" value=""/>
    <property name="java.vendor.url" value="http://java.oracle.com/"/>
    <property name="user.timezone" value="Asia/Calcutta"/>
    <property name="java.vm.specification.version" value="1.8"/>
    <property name="os.name" value="Windows 10"/>
    <property name="user.country" value="IN"/>
    <property name="sun.java.launcher" value="SUN_STANDARD"/>
    <property name="sun.boot.library.path" value="C:\Program Files\Java\jdk1.8.0_91\jre\bin"/>
    <property name="sun.java.command" value="C:\Users\Amit\AppData\Local\Temp\surefire7993884841140194384\surefirebooter7983258454939503745.jar C:\Users\Amit\AppData\Local\Temp\surefire7993884841140194384 2019-09-16T07-54-45_897-jvmRun1 surefire6274017919653127189tmp surefire_05485687440641039063tmp"/>
    <property name="surefire.test.class.path" value="F:\workspace_main\rabbitmq-spring-boot-demo\target\test-classes;F:\workspace_main\rabbitmq-spring-boot-demo\target\classes;F:\apache_maven_repository\.m2\org\springframework\boot\spring-boot-starter-web\2.1.6.RELEASE\spring-boot-starter-web-2.1.6.RELEASE.jar;F:\apache_maven_repository\.m2\org\springframework\boot\spring-boot-starter\2.1.6.RELEASE\spring-boot-starter-2.1.6.RELEASE.jar;F:\apache_maven_repository\.m2\org\springframework\boot\spring-boot\2.1.6.RELEASE\spring-boot-2.1.6.RELEASE.jar;F:\apache_maven_repository\.m2\org\springframework\boot\spring-boot-autoconfigure\2.1.6.RELEASE\spring-boot-autoconfigure-2.1.6.RELEASE.jar;F:\apache_maven_repository\.m2\org\springframework\boot\spring-boot-starter-logging\2.1.6.RELEASE\spring-boot-starter-logging-2.1.6.RELEASE.jar;F:\apache_maven_repository\.m2\ch\qos\logback\logback-classic\1.2.3\logback-classic-1.2.3.jar;F:\apache_maven_repository\.m2\ch\qos\logback\logback-core\1.2.3\logback-core-1.2.3.jar;F:\apache_maven_repository\.m2\org\apache\logging\log4j\log4j-to-slf4j\2.11.2\log4j-to-slf4j-2.11.2.jar;F:\apache_maven_repository\.m2\org\apache\logging\log4j\log4j-api\2.11.2\log4j-api-2.11.2.jar;F:\apache_maven_repository\.m2\org\slf4j\jul-to-slf4j\1.7.26\jul-to-slf4j-1.7.26.jar;F:\apache_maven_repository\.m2\javax\annotation\javax.annotation-api\1.3.2\javax.annotation-api-1.3.2.jar;F:\apache_maven_repository\.m2\org\yaml\snakeyaml\1.23\snakeyaml-1.23.jar;F:\apache_maven_repository\.m2\org\springframework\boot\spring-boot-starter-json\2.1.6.RELEASE\spring-boot-starter-json-2.1.6.RELEASE.jar;F:\apache_maven_repository\.m2\com\fasterxml\jackson\core\jackson-databind\2.9.9\jackson-databind-2.9.9.jar;F:\apache_maven_repository\.m2\com\fasterxml\jackson\core\jackson-annotations\2.9.0\jackson-annotations-2.9.0.jar;F:\apache_maven_repository\.m2\com\fasterxml\jackson\core\jackson-core\2.9.9\jackson-core-2.9.9.jar;F:\apache_maven_repository\.m2\com\fasterxml\jackson\datatype\jackson-datatype-jdk8\2.9.9\jackson-datatype-jdk8-2.9.9.jar;F:\apache_maven_repository\.m2\com\fasterxml\jackson\datatype\jackson-datatype-jsr310\2.9.9\jackson-datatype-jsr310-2.9.9.jar;F:\apache_maven_repository\.m2\com\fasterxml\jackson\module\jackson-module-parameter-names\2.9.9\jackson-module-parameter-names-2.9.9.jar;F:\apache_maven_repository\.m2\org\springframework\boot\spring-boot-starter-tomcat\2.1.6.RELEASE\spring-boot-starter-tomcat-2.1.6.RELEASE.jar;F:\apache_maven_repository\.m2\org\apache\tomcat\embed\tomcat-embed-core\9.0.21\tomcat-embed-core-9.0.21.jar;F:\apache_maven_repository\.m2\org\apache\tomcat\embed\tomcat-embed-el\9.0.21\tomcat-embed-el-9.0.21.jar;F:\apache_maven_repository\.m2\org\apache\tomcat\embed\tomcat-embed-websocket\9.0.21\tomcat-embed-websocket-9.0.21.jar;F:\apache_maven_repository\.m2\org\hibernate\validator\hibernate-validator\6.0.17.Final\hibernate-validator-6.0.17.Final.jar;F:\apache_maven_repository\.m2\javax\validation\validation-api\2.0.1.Final\validation-api-2.0.1.Final.jar;F:\apache_maven_repository\.m2\org\jboss\logging\jboss-logging\3.3.2.Final\jboss-logging-3.3.2.Final.jar;F:\apache_maven_repository\.m2\com\fasterxml\classmate\1.4.0\classmate-1.4.0.jar;F:\apache_maven_repository\.m2\org\springframework\spring-web\5.1.8.RELEASE\spring-web-5.1.8.RELEASE.jar;F:\apache_maven_repository\.m2\org\springframework\spring-beans\5.1.8.RELEASE\spring-beans-5.1.8.RELEASE.jar;F:\apache_maven_repository\.m2\org\springframework\spring-webmvc\5.1.8.RELEASE\spring-webmvc-5.1.8.RELEASE.jar;F:\apache_maven_repository\.m2\org\springframework\spring-aop\5.1.8.RELEASE\spring-aop-5.1.8.RELEASE.jar;F:\apache_maven_repository\.m2\org\springframework\spring-context\5.1.8.RELEASE\spring-context-5.1.8.RELEASE.jar;F:\apache_maven_repository\.m2\org\springframework\spring-expression\5.1.8.RELEASE\spring-expression-5.1.8.RELEASE.jar;F:\apache_maven_repository\.m2\com\rabbitmq\amqp-client\5.6.0\amqp-client-5.6.0.jar;F:\apache_maven_repository\.m2\org\slf4j\slf4j-api\1.7.26\slf4j-api-1.7.26.jar;F:\apache_maven_repository\.m2\org\springframework\boot\spring-boot-starter-test\2.1.6.RELEASE\spring-boot-starter-test-2.1.6.RELEASE.jar;F:\apache_maven_repository\.m2\org\springframework\boot\spring-boot-test\2.1.6.RELEASE\spring-boot-test-2.1.6.RELEASE.jar;F:\apache_maven_repository\.m2\org\springframework\boot\spring-boot-test-autoconfigure\2.1.6.RELEASE\spring-boot-test-autoconfigure-2.1.6.RELEASE.jar;F:\apache_maven_repository\.m2\com\jayway\jsonpath\json-path\2.4.0\json-path-2.4.0.jar;F:\apache_maven_repository\.m2\net\minidev\json-smart\2.3\json-smart-2.3.jar;F:\apache_maven_repository\.m2\net\minidev\accessors-smart\1.2\accessors-smart-1.2.jar;F:\apache_maven_repository\.m2\org\ow2\asm\asm\5.0.4\asm-5.0.4.jar;F:\apache_maven_repository\.m2\junit\junit\4.12\junit-4.12.jar;F:\apache_maven_repository\.m2\org\assertj\assertj-core\3.11.1\assertj-core-3.11.1.jar;F:\apache_maven_repository\.m2\org\mockito\mockito-core\2.23.4\mockito-core-2.23.4.jar;F:\apache_maven_repository\.m2\net\bytebuddy\byte-buddy\1.9.13\byte-buddy-1.9.13.jar;F:\apache_maven_repository\.m2\net\bytebuddy\byte-buddy-agent\1.9.13\byte-buddy-agent-1.9.13.jar;F:\apache_maven_repository\.m2\org\objenesis\objenesis\2.6\objenesis-2.6.jar;F:\apache_maven_repository\.m2\org\hamcrest\hamcrest-core\1.3\hamcrest-core-1.3.jar;F:\apache_maven_repository\.m2\org\hamcrest\hamcrest-library\1.3\hamcrest-library-1.3.jar;F:\apache_maven_repository\.m2\org\skyscreamer\jsonassert\1.5.0\jsonassert-1.5.0.jar;F:\apache_maven_repository\.m2\com\vaadin\external\google\android-json\0.0.20131108.vaadin1\android-json-0.0.20131108.vaadin1.jar;F:\apache_maven_repository\.m2\org\springframework\spring-core\5.1.8.RELEASE\spring-core-5.1.8.RELEASE.jar;F:\apache_maven_repository\.m2\org\springframework\spring-jcl\5.1.8.RELEASE\spring-jcl-5.1.8.RELEASE.jar;F:\apache_maven_repository\.m2\org\springframework\spring-test\5.1.8.RELEASE\spring-test-5.1.8.RELEASE.jar;F:\apache_maven_repository\.m2\org\xmlunit\xmlunit-core\2.6.2\xmlunit-core-2.6.2.jar;F:\apache_maven_repository\.m2\com\github\fridujo\rabbitmq-mock\1.0.10\rabbitmq-mock-1.0.10.jar;"/>
    <property name="sun.cpu.endian" value="little"/>
    <property name="user.home" value="C:\Users\Amit"/>
    <property name="user.language" value="en"/>
    <property name="java.specification.vendor" value="Oracle Corporation"/>
    <property name="java.home" value="C:\Program Files\Java\jdk1.8.0_91\jre"/>
    <property name="basedir" value="F:\workspace_main\rabbitmq-spring-boot-demo"/>
    <property name="file.separator" value="\"/>
    <property name="line.separator" value="&#10;"/>
    <property name="java.vm.specification.vendor" value="Oracle Corporation"/>
    <property name="java.specification.name" value="Java Platform API Specification"/>
    <property name="java.awt.graphicsenv" value="sun.awt.Win32GraphicsEnvironment"/>
    <property name="surefire.real.class.path" value="C:\Users\Amit\AppData\Local\Temp\surefire7993884841140194384\surefirebooter7983258454939503745.jar"/>
    <property name="sun.boot.class.path" value="C:\Program Files\Java\jdk1.8.0_91\jre\lib\resources.jar;C:\Program Files\Java\jdk1.8.0_91\jre\lib\rt.jar;C:\Program Files\Java\jdk1.8.0_91\jre\lib\sunrsasign.jar;C:\Program Files\Java\jdk1.8.0_91\jre\lib\jsse.jar;C:\Program Files\Java\jdk1.8.0_91\jre\lib\jce.jar;C:\Program Files\Java\jdk1.8.0_91\jre\lib\charsets.jar;C:\Program Files\Java\jdk1.8.0_91\jre\lib\jfr.jar;C:\Program Files\Java\jdk1.8.0_91\jre\classes"/>
    <property name="user.script" value=""/>
    <property name="sun.management.compiler" value="HotSpot 64-Bit Tiered Compilers"/>
    <property name="java.runtime.version" value="1.8.0_91-b15"/>
    <property name="user.name" value="Amit"/>
    <property name="path.separator" value=";"/>
    <property name="os.version" value="10.0"/>
    <property name="java.endorsed.dirs" value="C:\Program Files\Java\jdk1.8.0_91\jre\lib\endorsed"/>
    <property name="java.runtime.name" value="Java(TM) SE Runtime Environment"/>
    <property name="file.encoding" value="Cp1252"/>
    <property name="java.vm.name" value="Java HotSpot(TM) 64-Bit Server VM"/>
    <property name="localRepository" value="F:\apache_maven_repository\.m2"/>
    <property name="java.vendor.url.bug" value="http://bugreport.sun.com/bugreport/"/>
    <property name="java.io.tmpdir" value="C:\Users\Amit\AppData\Local\Temp\"/>
    <property name="java.version" value="1.8.0_91"/>
    <property name="user.dir" value="F:\workspace_main\rabbitmq-spring-boot-demo"/>
    <property name="os.arch" value="amd64"/>
    <property name="java.vm.specification.name" value="Java Virtual Machine Specification"/>
    <property name="java.awt.printerjob" value="sun.awt.windows.WPrinterJob"/>
    <property name="sun.os.patch.level" value=""/>
    <property name="java.library.path" value="C:\Program Files\Java\jdk1.8.0_91\jre\bin;C:\WINDOWS\Sun\Java\bin;C:\WINDOWS\system32;C:\WINDOWS;C:\ProgramData\Oracle\Java\javapath;C:\WINDOWS\system32;C:\WINDOWS;C:\WINDOWS\System32\Wbem;C:\WINDOWS\System32\WindowsPowerShell\v1.0\;C:\WINDOWS\System32\OpenSSH\;F:\apache-ant-1.9.7\bin;F:\apache-maven-3.6.1\bin;C:\Users\Amit\AppData\Local\Microsoft\WindowsApps;;."/>
    <property name="java.vm.info" value="mixed mode"/>
    <property name="java.vendor" value="Oracle Corporation"/>
    <property name="java.vm.version" value="25.91-b15"/>
    <property name="java.ext.dirs" value="C:\Program Files\Java\jdk1.8.0_91\jre\lib\ext;C:\WINDOWS\Sun\Java\lib\ext"/>
    <property name="sun.io.unicode.encoding" value="UnicodeLittle"/>
    <property name="java.class.version" value="52.0"/>
  </properties>
  <testcase name="basic_consume_nack_case" classname="com.demo.controller.RabbitMQControllerTest" time="0.599"/>
  <testcase name="basic_consume_case" classname="com.demo.controller.RabbitMQControllerTest" time="0.269"/>
  <testcase name="basic_get_case" classname="com.demo.controller.RabbitMQControllerTest" time="0.053"/>
</testsuite>